C:\Users\gary.stafford\Documents\Visual Studio 2017\Projects\WidgetService\dist\app\config\config.js
C:\Users\gary.stafford\Documents\Visual Studio 2017\Projects\WidgetService\dist\app\config\config.js.map
C:\Users\gary.stafford\Documents\Visual Studio 2017\Projects\WidgetService\dist\app\services\logger.js
C:\Users\gary.stafford\Documents\Visual Studio 2017\Projects\WidgetService\dist\app\services\logger.js.map
C:\Users\gary.stafford\Documents\Visual Studio 2017\Projects\WidgetService\dist\app\app.js
C:\Users\gary.stafford\Documents\Visual Studio 2017\Projects\WidgetService\dist\app\app.js.map
C:\Users\gary.stafford\Documents\Visual Studio 2017\Projects\WidgetService\dist\test\unit\controllers\SampleRouteController.spec.js
C:\Users\gary.stafford\Documents\Visual Studio 2017\Projects\WidgetService\dist\test\unit\controllers\SampleRouteController.spec.js.map
C:\Users\gary.stafford\Documents\Visual Studio 2017\Projects\WidgetService\dist\test\integration\controllers\SampleRouteController.spec.js
C:\Users\gary.stafford\Documents\Visual Studio 2017\Projects\WidgetService\dist\test\integration\controllers\SampleRouteController.spec.js.map
C:\Users\gary.stafford\Documents\Visual Studio 2017\Projects\WidgetService\dist\app\controllers\SampleRouteController.js
C:\Users\gary.stafford\Documents\Visual Studio 2017\Projects\WidgetService\dist\app\controllers\SampleRouteController.js.map
C:\Users\gary.stafford\Documents\Visual Studio 2017\Projects\WidgetService\dist\app\routes\sampleRoute.js
C:\Users\gary.stafford\Documents\Visual Studio 2017\Projects\WidgetService\dist\app\routes\sampleRoute.js.map
C:\Users\gary.stafford\Documents\Visual Studio 2017\Projects\WidgetService\dist\app\interfaces\widget.js
C:\Users\gary.stafford\Documents\Visual Studio 2017\Projects\WidgetService\dist\app\interfaces\widget.js.map
C:\Users\gary.stafford\Documents\Visual Studio 2017\Projects\WidgetService\dist\app\models\widget.js
C:\Users\gary.stafford\Documents\Visual Studio 2017\Projects\WidgetService\dist\app\models\widget.js.map
C:\Users\gary.stafford\Documents\Visual Studio 2017\Projects\WidgetService\dist\app\config\config.js
C:\Users\gary.stafford\Documents\Visual Studio 2017\Projects\WidgetService\dist\app\config\config.js.map
C:\Users\gary.stafford\Documents\Visual Studio 2017\Projects\WidgetService\dist\app\services\logger.js
C:\Users\gary.stafford\Documents\Visual Studio 2017\Projects\WidgetService\dist\app\services\logger.js.map
C:\Users\gary.stafford\Documents\Visual Studio 2017\Projects\WidgetService\dist\app\app.js
C:\Users\gary.stafford\Documents\Visual Studio 2017\Projects\WidgetService\dist\app\app.js.map
C:\Users\gary.stafford\Documents\Visual Studio 2017\Projects\WidgetService\dist\test\unit\controllers\SampleRouteController.spec.js
C:\Users\gary.stafford\Documents\Visual Studio 2017\Projects\WidgetService\dist\test\unit\controllers\SampleRouteController.spec.js.map
C:\Users\gary.stafford\Documents\Visual Studio 2017\Projects\WidgetService\dist\test\integration\controllers\SampleRouteController.spec.js
C:\Users\gary.stafford\Documents\Visual Studio 2017\Projects\WidgetService\dist\test\integration\controllers\SampleRouteController.spec.js.map
C:\Users\gary.stafford\Documents\Visual Studio 2017\Projects\WidgetService\dist\app\controllers\SampleRouteController.js
C:\Users\gary.stafford\Documents\Visual Studio 2017\Projects\WidgetService\dist\app\controllers\SampleRouteController.js.map
C:\Users\gary.stafford\Documents\Visual Studio 2017\Projects\WidgetService\dist\app\routes\sampleRoute.js
C:\Users\gary.stafford\Documents\Visual Studio 2017\Projects\WidgetService\dist\app\routes\sampleRoute.js.map
C:\Users\gary.stafford\Documents\Visual Studio 2017\Projects\WidgetService\dist\app\models\widget.js
C:\Users\gary.stafford\Documents\Visual Studio 2017\Projects\WidgetService\dist\app\models\widget.js.map
C:\Users\gary.stafford\Documents\Visual Studio 2017\Projects\WidgetService\dist\app\interfaces\widget.js
C:\Users\gary.stafford\Documents\Visual Studio 2017\Projects\WidgetService\dist\app\interfaces\widget.js.map
C:\Users\gary.stafford\Documents\Visual Studio 2017\Projects\WidgetService\dist\app\routes\index.js
C:\Users\gary.stafford\Documents\Visual Studio 2017\Projects\WidgetService\dist\app\routes\index.js.map
C:\Users\gary.stafford\Documents\Visual Studio 2017\Projects\WidgetService\dist\app\config\configuration.js
C:\Users\gary.stafford\Documents\Visual Studio 2017\Projects\WidgetService\dist\app\config\configuration.js.map
C:\Users\gary.stafford\Documents\Visual Studio 2017\Projects\WidgetService\dist\app\services\logger.js
C:\Users\gary.stafford\Documents\Visual Studio 2017\Projects\WidgetService\dist\app\services\logger.js.map
C:\Users\gary.stafford\Documents\Visual Studio 2017\Projects\WidgetService\dist\app\controllers\widget.js
C:\Users\gary.stafford\Documents\Visual Studio 2017\Projects\WidgetService\dist\app\controllers\widget.js.map
C:\Users\gary.stafford\Documents\Visual Studio 2017\Projects\WidgetService\dist\app\routes\widget.js
C:\Users\gary.stafford\Documents\Visual Studio 2017\Projects\WidgetService\dist\app\routes\widget.js.map
C:\Users\gary.stafford\Documents\Visual Studio 2017\Projects\WidgetService\dist\app\app.js
C:\Users\gary.stafford\Documents\Visual Studio 2017\Projects\WidgetService\dist\app\app.js.map
C:\Users\gary.stafford\Documents\Visual Studio 2017\Projects\WidgetService\dist\test\unit\controllers\SampleRouteController.spec.js
C:\Users\gary.stafford\Documents\Visual Studio 2017\Projects\WidgetService\dist\test\unit\controllers\SampleRouteController.spec.js.map
C:\Users\gary.stafford\Documents\Visual Studio 2017\Projects\WidgetService\dist\test\integration\controllers\SampleRouteController.spec.js
C:\Users\gary.stafford\Documents\Visual Studio 2017\Projects\WidgetService\dist\test\integration\controllers\SampleRouteController.spec.js.map
C:\Users\gary.stafford\Documents\Visual Studio 2017\Projects\WidgetService\dist\app\interfaces\widget.js
C:\Users\gary.stafford\Documents\Visual Studio 2017\Projects\WidgetService\dist\app\interfaces\widget.js.map
C:\Users\gary.stafford\Documents\Visual Studio 2017\Projects\WidgetService\dist\app\models\widget.js
C:\Users\gary.stafford\Documents\Visual Studio 2017\Projects\WidgetService\dist\app\models\widget.js.map
